*** Starting uWSGI 2.0.19.1 (64bit) on [Sat Sep 12 02:04:00 2020] ***
compiled with version: 7.5.0 on 11 September 2020 10:13:29
os: Linux-4.15.0-117-generic #118-Ubuntu SMP Fri Sep 4 20:02:41 UTC 2020
nodename: 194-58-102-107.cloudvps.regruhosting.ru
machine: x86_64
clock source: unix
detected number of CPU cores: 1
current working directory: /
detected binary path: /usr/local/bin/uwsgi
!!! no internal routing support, rebuild with pcre support !!!
uWSGI running as root, you can use --uid/--gid/--chroot options
*** WARNING: you are running uWSGI as root !!! (use the --uid flag) *** 
*** WARNING: you are running uWSGI without its master process manager ***
your processes number limit is 3886
your memory page size is 4096 bytes
detected max file descriptor number: 1024
*** starting uWSGI Emperor ***
*** has_emperor mode detected (fd: 5) ***
[uWSGI] getting INI configuration from /home/nikita/makarena/deployment/macarena_uwsgi.ini
*** Starting uWSGI 2.0.19.1 (64bit) on [Sat Sep 12 02:04:00 2020] ***
compiled with version: 7.5.0 on 11 September 2020 10:13:29
os: Linux-4.15.0-117-generic #118-Ubuntu SMP Fri Sep 4 20:02:41 UTC 2020
nodename: 194-58-102-107.cloudvps.regruhosting.ru
machine: x86_64
clock source: unix
detected number of CPU cores: 1
current working directory: /
detected binary path: /usr/local/bin/uwsgi
!!! no internal routing support, rebuild with pcre support !!!
uWSGI running as root, you can use --uid/--gid/--chroot options
*** WARNING: you are running uWSGI as root !!! (use the --uid flag) *** 
chdir() to /home/nikita/makarena
your processes number limit is 3886
your memory page size is 4096 bytes
detected max file descriptor number: 1024
lock engine: pthread robust mutexes
thunder lock: disabled (you can enable it with --thunder-lock)
uwsgi socket 0 bound to UNIX address /home/nikita/makarena/uwsgi_nginx.sock fd 3
uWSGI running as root, you can use --uid/--gid/--chroot options
*** WARNING: you are running uWSGI as root !!! (use the --uid flag) *** 
Python version: 3.6.9 (default, Jul 17 2020, 12:50:27)  [GCC 8.4.0]
PEP 405 virtualenv detected: /home/nikita/env
Set PythonHome to /home/nikita/env
*** Python threads support is disabled. You can enable it with --enable-threads ***
Python main interpreter initialized at 0x561e3e14f570
uWSGI running as root, you can use --uid/--gid/--chroot options
*** WARNING: you are running uWSGI as root !!! (use the --uid flag) *** 
your server socket listen backlog is limited to 100 connections
your mercy for graceful operations on workers is 60 seconds
mapped 801944 bytes (783 KB) for 10 cores
*** Operational MODE: preforking ***
WSGI app 0 (mountpoint='') ready in 0 seconds on interpreter 0x561e3e14f570 pid: 30748 (default app)
uWSGI running as root, you can use --uid/--gid/--chroot options
*** WARNING: you are running uWSGI as root !!! (use the --uid flag) *** 
*** uWSGI is running in multiple interpreter mode ***
spawned uWSGI master process (pid: 30748)
Sat Sep 12 02:04:00 2020 - [emperor] vassal /home/nikita/makarena/deployment/macarena_uwsgi.ini has been spawned
spawned uWSGI worker 1 (pid: 30750, cores: 1)
spawned uWSGI worker 2 (pid: 30751, cores: 1)
spawned uWSGI worker 3 (pid: 30752, cores: 1)
spawned uWSGI worker 4 (pid: 30753, cores: 1)
spawned uWSGI worker 5 (pid: 30754, cores: 1)
Sat Sep 12 02:04:00 2020 - [emperor] vassal /home/nikita/makarena/deployment/macarena_uwsgi.ini is ready to accept requests
spawned uWSGI worker 6 (pid: 30755, cores: 1)
spawned uWSGI worker 7 (pid: 30756, cores: 1)
spawned uWSGI worker 8 (pid: 30757, cores: 1)
spawned uWSGI worker 9 (pid: 30758, cores: 1)
spawned uWSGI worker 10 (pid: 30759, cores: 1)

[pid: 30757|app: 0|req: 1/1] 31.13.144.47 () {44 vars in 931 bytes} [Sat Sep 12 04:04:16 2020] GET / => generated 19259 bytes in 146 msecs (HTTP/1.1 200) 8 headers in 439 bytes (1 switches on core 0)
announcing my loyalty to the Emperor...
Sat Sep 12 02:04:16 2020 - [emperor] vassal /home/nikita/makarena/deployment/macarena_uwsgi.ini is now loyal
[emperor] *** RAGNAROK EVOKED ***
Sat Sep 12 02:04:29 2020 - [emperor] stop the uwsgi instance /home/nikita/makarena/deployment/macarena_uwsgi.ini
Sat Sep 12 04:04:29 2020 - received message 0 from emperor
SIGINT/SIGQUIT received...killing workers...
worker 1 buried after 2 seconds
worker 2 buried after 2 seconds
worker 3 buried after 2 seconds
worker 4 buried after 2 seconds
worker 5 buried after 2 seconds
worker 6 buried after 2 seconds
worker 7 buried after 2 seconds
worker 8 buried after 2 seconds
worker 9 buried after 2 seconds
worker 10 buried after 2 seconds
goodbye to uWSGI.
VACUUM: unix socket /home/nikita/makarena/uwsgi_nginx.sock removed.
Sat Sep 12 02:04:32 2020 - [emperor] removed uwsgi instance /home/nikita/makarena/deployment/macarena_uwsgi.ini
Sat Sep 12 02:04:33 2020 - The Emperor is buried.
*** Starting uWSGI 2.0.19.1 (64bit) on [Sat Sep 12 02:05:19 2020] ***
compiled with version: 7.5.0 on 11 September 2020 10:13:29
os: Linux-4.15.0-117-generic #118-Ubuntu SMP Fri Sep 4 20:02:41 UTC 2020
nodename: 194-58-102-107.cloudvps.regruhosting.ru
machine: x86_64
clock source: unix
detected number of CPU cores: 1
current working directory: /
detected binary path: /usr/local/bin/uwsgi
!!! no internal routing support, rebuild with pcre support !!!
uWSGI running as root, you can use --uid/--gid/--chroot options
*** WARNING: you are running uWSGI as root !!! (use the --uid flag) *** 
*** WARNING: you are running uWSGI without its master process manager ***
your processes number limit is 3886
your memory page size is 4096 bytes
detected max file descriptor number: 1024
*** starting uWSGI Emperor ***
*** has_emperor mode detected (fd: 5) ***
[uWSGI] getting INI configuration from /home/nikita/makarena/deployment/macarena_uwsgi.ini
*** Starting uWSGI 2.0.19.1 (64bit) on [Sat Sep 12 02:05:19 2020] ***
compiled with version: 7.5.0 on 11 September 2020 10:13:29
os: Linux-4.15.0-117-generic #118-Ubuntu SMP Fri Sep 4 20:02:41 UTC 2020
nodename: 194-58-102-107.cloudvps.regruhosting.ru
machine: x86_64
clock source: unix
detected number of CPU cores: 1
current working directory: /
detected binary path: /usr/local/bin/uwsgi
!!! no internal routing support, rebuild with pcre support !!!
uWSGI running as root, you can use --uid/--gid/--chroot options
*** WARNING: you are running uWSGI as root !!! (use the --uid flag) *** 
chdir() to /home/nikita/makarena
your processes number limit is 3886
your memory page size is 4096 bytes
detected max file descriptor number: 1024
lock engine: pthread robust mutexes
thunder lock: disabled (you can enable it with --thunder-lock)
uwsgi socket 0 bound to UNIX address /home/nikita/makarena/uwsgi_nginx.sock fd 3
uWSGI running as root, you can use --uid/--gid/--chroot options
*** WARNING: you are running uWSGI as root !!! (use the --uid flag) *** 
Python version: 3.6.9 (default, Jul 17 2020, 12:50:27)  [GCC 8.4.0]
PEP 405 virtualenv detected: /home/nikita/env
Set PythonHome to /home/nikita/env
*** Python threads support is disabled. You can enable it with --enable-threads ***
Python main interpreter initialized at 0x560a509a4ca0
uWSGI running as root, you can use --uid/--gid/--chroot options
*** WARNING: you are running uWSGI as root !!! (use the --uid flag) *** 
your server socket listen backlog is limited to 100 connections
your mercy for graceful operations on workers is 60 seconds
mapped 801944 bytes (783 KB) for 10 cores
*** Operational MODE: preforking ***
WSGI app 0 (mountpoint='') ready in 0 seconds on interpreter 0x560a509a4ca0 pid: 30795 (default app)
uWSGI running as root, you can use --uid/--gid/--chroot options
*** WARNING: you are running uWSGI as root !!! (use the --uid flag) *** 
*** uWSGI is running in multiple interpreter mode ***
spawned uWSGI master process (pid: 30795)
Sat Sep 12 02:05:19 2020 - [emperor] vassal /home/nikita/makarena/deployment/macarena_uwsgi.ini has been spawned
spawned uWSGI worker 1 (pid: 30797, cores: 1)
spawned uWSGI worker 2 (pid: 30798, cores: 1)
spawned uWSGI worker 3 (pid: 30799, cores: 1)
spawned uWSGI worker 4 (pid: 30800, cores: 1)
Sat Sep 12 02:05:19 2020 - [emperor] vassal /home/nikita/makarena/deployment/macarena_uwsgi.ini is ready to accept requests
spawned uWSGI worker 5 (pid: 30801, cores: 1)
spawned uWSGI worker 6 (pid: 30802, cores: 1)
spawned uWSGI worker 7 (pid: 30803, cores: 1)
spawned uWSGI worker 8 (pid: 30804, cores: 1)
spawned uWSGI worker 9 (pid: 30805, cores: 1)
spawned uWSGI worker 10 (pid: 30806, cores: 1)

[pid: 30806|app: 0|req: 1/1] 31.13.144.47 () {44 vars in 931 bytes} [Sat Sep 12 04:05:41 2020] GET / => generated 19259 bytes in 159 msecs (HTTP/1.1 200) 8 headers in 439 bytes (1 switches on core 0)
announcing my loyalty to the Emperor...
Sat Sep 12 02:05:41 2020 - [emperor] vassal /home/nikita/makarena/deployment/macarena_uwsgi.ini is now loyal
[pid: 30806|app: 0|req: 2/2] 31.13.144.47 () {42 vars in 912 bytes} [Sat Sep 12 04:06:01 2020] GET /admin/ => generated 10252 bytes in 116 msecs (HTTP/1.1 200) 9 headers in 383 bytes (1 switches on core 0)

[pid: 30806|app: 0|req: 3/3] 31.13.144.47 () {42 vars in 900 bytes} [Sat Sep 12 04:17:44 2020] GET / => generated 19259 bytes in 85 msecs (HTTP/1.1 200) 8 headers in 439 bytes (2 switches on core 0)
<QueryDict: {'num': ['1'], 'update': ['False'], 'csrfmiddlewaretoken': ['b2QuJfPA4OaO9ksYyEZUjqMkNVFRIGFIPyBbgSXrWiBbUlAZ3sGybt6zhe6xxWts']}>
[pid: 30805|app: 0|req: 1/4] 31.13.144.47 () {52 vars in 1138 bytes} [Sat Sep 12 04:17:47 2020] POST /add2/1 => generated 0 bytes in 109 msecs (HTTP/1.1 302) 8 headers in 283 bytes (2 switches on core 0)
announcing my loyalty to the Emperor...
Sat Sep 12 02:17:47 2020 - [emperor] vassal /home/nikita/makarena/deployment/macarena_uwsgi.ini is now loyal

[pid: 30806|app: 0|req: 4/5] 31.13.144.47 () {46 vars in 974 bytes} [Sat Sep 12 04:17:47 2020] GET / => generated 20376 bytes in 66 msecs (HTTP/1.1 200) 7 headers in 350 bytes (1 switches on core 0)
04:17:50.071397
<QueryDict: {'csrfmiddlewaretoken': ['jw4Cw7NJQF7Rku1vEWu11m3mctZJ5XxyX2Pj3KVAI9ye5v9w9KbFTpnBGMqpUdli'], 'product_1': ['1']}>
[pid: 30805|app: 0|req: 2/6] 31.13.144.47 () {52 vars in 1142 bytes} [Sat Sep 12 04:17:50 2020] POST /checkout/ => generated 9553 bytes in 86 msecs (HTTP/1.1 200) 8 headers in 438 bytes (1 switches on core 0)
[pid: 30806|app: 0|req: 5/7] 31.13.144.47 () {44 vars in 988 bytes} [Sat Sep 12 04:17:57 2020] GET /checkout/remove/24 => generated 0 bytes in 27 msecs (HTTP/1.1 302) 6 headers in 189 bytes (1 switches on core 0)
04:17:57.514439
[pid: 30805|app: 0|req: 3/8] 31.13.144.47 () {44 vars in 970 bytes} [Sat Sep 12 04:17:57 2020] GET /checkout/ => generated 5590 bytes in 34 msecs (HTTP/1.1 200) 8 headers in 438 bytes (1 switches on core 0)
[emperor] *** RAGNAROK EVOKED ***
Sat Sep 12 02:25:11 2020 - [emperor] stop the uwsgi instance /home/nikita/makarena/deployment/macarena_uwsgi.ini
Sat Sep 12 04:25:11 2020 - received message 0 from emperor
SIGINT/SIGQUIT received...killing workers...
worker 1 buried after 2 seconds
worker 2 buried after 2 seconds
worker 3 buried after 2 seconds
worker 4 buried after 2 seconds
worker 5 buried after 2 seconds
worker 6 buried after 2 seconds
worker 7 buried after 2 seconds
worker 8 buried after 2 seconds
worker 9 buried after 2 seconds
worker 10 buried after 2 seconds
goodbye to uWSGI.
VACUUM: unix socket /home/nikita/makarena/uwsgi_nginx.sock removed.
Sat Sep 12 02:25:14 2020 - [emperor] removed uwsgi instance /home/nikita/makarena/deployment/macarena_uwsgi.ini
Sat Sep 12 02:25:15 2020 - The Emperor is buried.
*** Starting uWSGI 2.0.19.1 (64bit) on [Sat Sep 12 02:27:14 2020] ***
compiled with version: 7.5.0 on 11 September 2020 10:13:29
os: Linux-4.15.0-117-generic #118-Ubuntu SMP Fri Sep 4 20:02:41 UTC 2020
nodename: 194-58-102-107.cloudvps.regruhosting.ru
machine: x86_64
clock source: unix
detected number of CPU cores: 1
current working directory: /
detected binary path: /usr/local/bin/uwsgi
!!! no internal routing support, rebuild with pcre support !!!
uWSGI running as root, you can use --uid/--gid/--chroot options
*** WARNING: you are running uWSGI as root !!! (use the --uid flag) *** 
*** WARNING: you are running uWSGI without its master process manager ***
your processes number limit is 3886
your memory page size is 4096 bytes
detected max file descriptor number: 1024
*** starting uWSGI Emperor ***
*** has_emperor mode detected (fd: 5) ***
[uWSGI] getting INI configuration from /home/nikita/makarena/deployment/macarena_uwsgi.ini
*** Starting uWSGI 2.0.19.1 (64bit) on [Sat Sep 12 02:27:14 2020] ***
compiled with version: 7.5.0 on 11 September 2020 10:13:29
os: Linux-4.15.0-117-generic #118-Ubuntu SMP Fri Sep 4 20:02:41 UTC 2020
nodename: 194-58-102-107.cloudvps.regruhosting.ru
machine: x86_64
clock source: unix
detected number of CPU cores: 1
current working directory: /
detected binary path: /usr/local/bin/uwsgi
!!! no internal routing support, rebuild with pcre support !!!
uWSGI running as root, you can use --uid/--gid/--chroot options
*** WARNING: you are running uWSGI as root !!! (use the --uid flag) *** 
chdir() to /home/nikita/makarena
your processes number limit is 3886
your memory page size is 4096 bytes
detected max file descriptor number: 1024
lock engine: pthread robust mutexes
thunder lock: disabled (you can enable it with --thunder-lock)
uwsgi socket 0 bound to UNIX address /home/nikita/makarena/uwsgi_nginx.sock fd 3
uWSGI running as root, you can use --uid/--gid/--chroot options
*** WARNING: you are running uWSGI as root !!! (use the --uid flag) *** 
Python version: 3.6.9 (default, Jul 17 2020, 12:50:27)  [GCC 8.4.0]
PEP 405 virtualenv detected: /home/nikita/env
Set PythonHome to /home/nikita/env
*** Python threads support is disabled. You can enable it with --enable-threads ***
Python main interpreter initialized at 0x55faa850dca0
uWSGI running as root, you can use --uid/--gid/--chroot options
*** WARNING: you are running uWSGI as root !!! (use the --uid flag) *** 
your server socket listen backlog is limited to 100 connections
your mercy for graceful operations on workers is 60 seconds
mapped 801944 bytes (783 KB) for 10 cores
*** Operational MODE: preforking ***
WSGI app 0 (mountpoint='') ready in 1 seconds on interpreter 0x55faa850dca0 pid: 30934 (default app)
uWSGI running as root, you can use --uid/--gid/--chroot options
*** WARNING: you are running uWSGI as root !!! (use the --uid flag) *** 
*** uWSGI is running in multiple interpreter mode ***
spawned uWSGI master process (pid: 30934)
Sat Sep 12 02:27:15 2020 - [emperor] vassal /home/nikita/makarena/deployment/macarena_uwsgi.ini has been spawned
spawned uWSGI worker 1 (pid: 30936, cores: 1)
spawned uWSGI worker 2 (pid: 30937, cores: 1)
spawned uWSGI worker 3 (pid: 30938, cores: 1)
spawned uWSGI worker 4 (pid: 30939, cores: 1)
spawned uWSGI worker 5 (pid: 30940, cores: 1)
Sat Sep 12 02:27:15 2020 - [emperor] vassal /home/nikita/makarena/deployment/macarena_uwsgi.ini is ready to accept requests
spawned uWSGI worker 6 (pid: 30941, cores: 1)
spawned uWSGI worker 7 (pid: 30942, cores: 1)
spawned uWSGI worker 8 (pid: 30943, cores: 1)
spawned uWSGI worker 9 (pid: 30944, cores: 1)
spawned uWSGI worker 10 (pid: 30945, cores: 1)
04:27:37.861337
[pid: 30945|app: 0|req: 1/1] 31.13.144.47 () {46 vars in 1001 bytes} [Sat Sep 12 04:27:37 2020] GET /checkout/ => generated 5590 bytes in 105 msecs (HTTP/1.1 200) 8 headers in 438 bytes (1 switches on core 0)
announcing my loyalty to the Emperor...
Sat Sep 12 02:27:37 2020 - [emperor] vassal /home/nikita/makarena/deployment/macarena_uwsgi.ini is now loyal

[pid: 30943|app: 0|req: 1/2] 31.13.144.47 () {42 vars in 900 bytes} [Sat Sep 12 04:27:42 2020] GET / => generated 19259 bytes in 161 msecs (HTTP/1.1 200) 8 headers in 439 bytes (1 switches on core 0)
announcing my loyalty to the Emperor...
Sat Sep 12 02:27:42 2020 - [emperor] vassal /home/nikita/makarena/deployment/macarena_uwsgi.ini is now loyal
<QueryDict: {'num': ['1'], 'update': ['False'], 'csrfmiddlewaretoken': ['tTkW2PxiKH9A2a7cU6fnpu3PEGqCKs8Z7p5DzsF9CbAXNbfdpUW1hxn48ZRizIWJ']}>
[pid: 30945|app: 0|req: 2/3] 31.13.144.47 () {52 vars in 1138 bytes} [Sat Sep 12 04:27:47 2020] POST /add2/2 => generated 0 bytes in 44 msecs (HTTP/1.1 302) 8 headers in 283 bytes (1 switches on core 0)

[pid: 30943|app: 0|req: 2/4] 31.13.144.47 () {46 vars in 974 bytes} [Sat Sep 12 04:27:47 2020] GET / => generated 20373 bytes in 63 msecs (HTTP/1.1 200) 7 headers in 350 bytes (1 switches on core 0)
[pid: 30945|app: 0|req: 3/5] 31.13.144.47 () {46 vars in 974 bytes} [Sat Sep 12 04:30:14 2020] GET / => generated 19259 bytes in 98 msecs (HTTP/1.1 200) 8 headers in 439 bytes (1 switches on core 0)
[pid: 30945|app: 0|req: 4/6] 31.13.144.47 () {42 vars in 807 bytes} [Sat Sep 12 04:31:39 2020] GET / => generated 19259 bytes in 64 msecs (HTTP/1.1 200) 8 headers in 439 bytes (1 switches on core 0)
[pid: 30945|app: 0|req: 5/7] 31.13.144.47 () {42 vars in 807 bytes} [Sat Sep 12 04:38:36 2020] GET / => generated 19259 bytes in 118 msecs (HTTP/1.1 200) 8 headers in 439 bytes (1 switches on core 0)
[pid: 30945|app: 0|req: 6/8] 31.13.144.47 () {46 vars in 974 bytes} [Sat Sep 12 04:42:28 2020] GET / => generated 19259 bytes in 70 msecs (HTTP/1.1 200) 8 headers in 439 bytes (2 switches on core 0)
[pid: 30945|app: 0|req: 7/9] 94.102.49.193 () {34 vars in 540 bytes} [Sat Sep 12 05:54:37 2020] GET / => generated 19259 bytes in 79 msecs (HTTP/1.1 200) 8 headers in 439 bytes (1 switches on core 0)
[pid: 30943|app: 0|req: 3/10] 94.102.49.193 () {36 vars in 475 bytes} [Sat Sep 12 05:54:37 2020] GET /Images/delete.png => generated 179 bytes in 17 msecs (HTTP/1.1 404) 5 headers in 158 bytes (1 switches on core 0)
[pid: 30945|app: 0|req: 8/11] 35.205.4.18 () {42 vars in 570 bytes} [Sat Sep 12 05:54:42 2020] GET / => generated 19259 bytes in 66 msecs (HTTP/1.1 200) 8 headers in 439 bytes (1 switches on core 0)
[pid: 30945|app: 0|req: 9/12] 139.162.79.87 () {34 vars in 398 bytes} [Sat Sep 12 07:16:46 2020] GET / => generated 19259 bytes in 79 msecs (HTTP/1.1 200) 8 headers in 439 bytes (2 switches on core 0)
[pid: 30945|app: 0|req: 10/13] 31.13.144.47 () {42 vars in 763 bytes} [Sat Sep 12 08:07:41 2020] GET / => generated 19259 bytes in 77 msecs (HTTP/1.1 200) 8 headers in 439 bytes (1 switches on core 0)
[pid: 30945|app: 0|req: 11/14] 31.13.144.47 () {46 vars in 974 bytes} [Sat Sep 12 08:24:26 2020] GET / => generated 19259 bytes in 81 msecs (HTTP/1.1 200) 8 headers in 439 bytes (2 switches on core 0)
[pid: 30945|app: 0|req: 12/15] 31.13.144.47 () {42 vars in 857 bytes} [Sat Sep 12 08:24:27 2020] GET /Images/delete.png => generated 179 bytes in 8 msecs (HTTP/1.1 404) 5 headers in 158 bytes (2 switches on core 0)
